# JRE version: OpenJDK Runtime Environment (8.0_242-b01) (build 1.8.0_242-release-1644-b01)
# Java VM: OpenJDK 64-Bit Server VM (25.242-b01 mixed mode windows-amd64 compressed oops)
Heap:
 PSYoungGen      total 452608K, used 90558K [0x00000000e0000000, 0x0000000100000000, 0x0000000100000000)
  eden space 408064K, 22% used [0x00000000e0000000,0x00000000e586fb30,0x00000000f8e80000)
  from space 44544K, 0% used [0x00000000f8e80000,0x00000000f8e80000,0x00000000fba00000)
  to   space 71680K, 0% used [0x00000000fba00000,0x00000000fba00000,0x0000000100000000)
 ParOldGen       total 277504K, used 256241K [0x00000000a0000000, 0x00000000b0f00000, 0x00000000e0000000)
  object space 277504K, 92% used [0x00000000a0000000,0x00000000afa3c5a0,0x00000000b0f00000)
 Metaspace       used 97421K, capacity 102140K, committed 102272K, reserved 1138688K
  class space    used 12477K, capacity 13613K, committed 13696K, reserved 1048576K
GC Heap History (10 events):
Event: 449.568 GC heap before
{Heap before GC invocations=48 (full 4):
 PSYoungGen      total 452608K, used 421743K [0x00000000e0000000, 0x00000000fe580000, 0x0000000100000000)
  eden space 408064K, 100% used [0x00000000e0000000,0x00000000f8e80000,0x00000000f8e80000)
  from space 44544K, 30% used [0x00000000f8e80000,0x00000000f9bdbed8,0x00000000fba00000)
  to   space 43520K, 0% used [0x00000000fbb00000,0x00000000fbb00000,0x00000000fe580000)
 ParOldGen       total 277504K, used 176804K [0x00000000a0000000, 0x00000000b0f00000, 0x00000000e0000000)
  object space 277504K, 63% used [0x00000000a0000000,0x00000000aaca9198,0x00000000b0f00000)
 Metaspace       used 97281K, capacity 101998K, committed 102272K, reserved 1138688K
  class space    used 12474K, capacity 13610K, committed 13696K, reserved 1048576K
Event: 449.853 GC heap after
Heap after GC invocations=48 (full 4):
 PSYoungGen      total 451584K, used 43509K [0x00000000e0000000, 0x00000000fe580000, 0x0000000100000000)
  eden space 408064K, 0% used [0x00000000e0000000,0x00000000e0000000,0x00000000f8e80000)
  from space 43520K, 99% used [0x00000000fbb00000,0x00000000fe57d648,0x00000000fe580000)
  to   space 44544K, 0% used [0x00000000f8e80000,0x00000000f8e80000,0x00000000fba00000)
 ParOldGen       total 277504K, used 269951K [0x00000000a0000000, 0x00000000b0f00000, 0x00000000e0000000)
  object space 277504K, 97% used [0x00000000a0000000,0x00000000b079fcb8,0x00000000b0f00000)
 Metaspace       used 97281K, capacity 101998K, committed 102272K, reserved 1138688K
  class space    used 12474K, capacity 13610K, committed 13696K, reserved 1048576K
}
Event: 449.853 GC heap before
{Heap before GC invocations=49 (full 5):
 PSYoungGen      total 451584K, used 43509K [0x00000000e0000000, 0x00000000fe580000, 0x0000000100000000)
  eden space 408064K, 0% used [0x00000000e0000000,0x00000000e0000000,0x00000000f8e80000)
  from space 43520K, 99% used [0x00000000fbb00000,0x00000000fe57d648,0x00000000fe580000)
  to   space 44544K, 0% used [0x00000000f8e80000,0x00000000f8e80000,0x00000000fba00000)
 ParOldGen       total 277504K, used 269951K [0x00000000a0000000, 0x00000000b0f00000, 0x00000000e0000000)
  object space 277504K, 97% used [0x00000000a0000000,0x00000000b079fcb8,0x00000000b0f00000)
 Metaspace       used 97281K, capacity 101998K, committed 102272K, reserved 1138688K
  class space    used 12474K, capacity 13610K, committed 13696K, reserved 1048576K
Event: 451.201 GC heap after
Heap after GC invocations=49 (full 5):
 PSYoungGen      total 451584K, used 0K [0x00000000e0000000, 0x00000000fe580000, 0x0000000100000000)
  eden space 408064K, 0% used [0x00000000e0000000,0x00000000e0000000,0x00000000f8e80000)
  from space 43520K, 0% used [0x00000000fbb00000,0x00000000fbb00000,0x00000000fe580000)
  to   space 44544K, 0% used [0x00000000f8e80000,0x00000000f8e80000,0x00000000fba00000)
 ParOldGen       total 277504K, used 233329K [0x00000000a0000000, 0x00000000b0f00000, 0x00000000e0000000)
  object space 277504K, 84% used [0x00000000a0000000,0x00000000ae3dc7f0,0x00000000b0f00000)
 Metaspace       used 97277K, capacity 101986K, committed 102272K, reserved 1138688K
  class space    used 12473K, capacity 13608K, committed 13696K, reserved 1048576K
}
Event: 454.344 GC heap before
{Heap before GC invocations=50 (full 6):
 PSYoungGen      total 451584K, used 408064K [0x00000000e0000000, 0x00000000fe580000, 0x0000000100000000)
  eden space 408064K, 100% used [0x00000000e0000000,0x00000000f8e80000,0x00000000f8e80000)
  from space 43520K, 0% used [0x00000000fbb00000,0x00000000fbb00000,0x00000000fe580000)
  to   space 44544K, 0% used [0x00000000f8e80000,0x00000000f8e80000,0x00000000fba00000)
 ParOldGen       total 277504K, used 233329K [0x00000000a0000000, 0x00000000b0f00000, 0x00000000e0000000)
  object space 277504K, 84% used [0x00000000a0000000,0x00000000ae3dc7f0,0x00000000b0f00000)
 Metaspace       used 97355K, capacity 102072K, committed 102272K, reserved 1138688K
  class space    used 12477K, capacity 13613K, committed 13696K, reserved 1048576K
Event: 454.794 GC heap after
Heap after GC invocations=50 (full 6):
 PSYoungGen      total 451584K, used 0K [0x00000000e0000000, 0x00000000fe580000, 0x0000000100000000)
  eden space 408064K, 0% used [0x00000000e0000000,0x00000000e0000000,0x00000000f8e80000)
  from space 43520K, 0% used [0x00000000fbb00000,0x00000000fbb00000,0x00000000fe580000)
  to   space 44544K, 0% used [0x00000000f8e80000,0x00000000f8e80000,0x00000000fba00000)
 ParOldGen       total 277504K, used 160622K [0x00000000a0000000, 0x00000000b0f00000, 0x00000000e0000000)
  object space 277504K, 57% used [0x00000000a0000000,0x00000000a9cdbbb8,0x00000000b0f00000)
 Metaspace       used 97355K, capacity 102072K, committed 102272K, reserved 1138688K
  class space    used 12477K, capacity 13613K, committed 13696K, reserved 1048576K
}
Event: 458.795 GC heap before
{Heap before GC invocations=51 (full 6):
 PSYoungGen      total 451584K, used 408064K [0x00000000e0000000, 0x00000000fe580000, 0x0000000100000000)
  eden space 408064K, 100% used [0x00000000e0000000,0x00000000f8e80000,0x00000000f8e80000)
  from space 43520K, 0% used [0x00000000fbb00000,0x00000000fbb00000,0x00000000fe580000)
  to   space 44544K, 0% used [0x00000000f8e80000,0x00000000f8e80000,0x00000000fba00000)
 ParOldGen       total 277504K, used 160622K [0x00000000a0000000, 0x00000000b0f00000, 0x00000000e0000000)
  object space 277504K, 57% used [0x00000000a0000000,0x00000000a9cdbbb8,0x00000000b0f00000)
 Metaspace       used 97410K, capacity 102076K, committed 102272K, reserved 1138688K
  class space    used 12477K, capacity 13613K, committed 13696K, reserved 1048576K
Event: 458.979 GC heap after
Heap after GC invocations=51 (full 6):
 PSYoungGen      total 452608K, used 44522K [0x00000000e0000000, 0x0000000100000000, 0x0000000100000000)
  eden space 408064K, 0% used [0x00000000e0000000,0x00000000e0000000,0x00000000f8e80000)
  from space 44544K, 99% used [0x00000000f8e80000,0x00000000fb9fab18,0x00000000fba00000)
  to   space 71680K, 0% used [0x00000000fba00000,0x00000000fba00000,0x0000000100000000)
 ParOldGen       total 277504K, used 252704K [0x00000000a0000000, 0x00000000b0f00000, 0x00000000e0000000)
  object space 277504K, 91% used [0x00000000a0000000,0x00000000af6c8180,0x00000000b0f00000)
 Metaspace       used 97410K, capacity 102076K, committed 102272K, reserved 1138688K
  class space    used 12477K, capacity 13613K, committed 13696K, reserved 1048576K
}
Event: 458.979 GC heap before
{Heap before GC invocations=52 (full 7):
 PSYoungGen      total 452608K, used 44522K [0x00000000e0000000, 0x0000000100000000, 0x0000000100000000)
  eden space 408064K, 0% used [0x00000000e0000000,0x00000000e0000000,0x00000000f8e80000)
  from space 44544K, 99% used [0x00000000f8e80000,0x00000000fb9fab18,0x00000000fba00000)
  to   space 71680K, 0% used [0x00000000fba00000,0x00000000fba00000,0x0000000100000000)
 ParOldGen       total 277504K, used 252704K [0x00000000a0000000, 0x00000000b0f00000, 0x00000000e0000000)
  object space 277504K, 91% used [0x00000000a0000000,0x00000000af6c8180,0x00000000b0f00000)
 Metaspace       used 97410K, capacity 102076K, committed 102272K, reserved 1138688K
  class space    used 12477K, capacity 13613K, committed 13696K, reserved 1048576K
Event: 460.463 GC heap after
Heap after GC invocations=52 (full 7):
 PSYoungGen      total 452608K, used 0K [0x00000000e0000000, 0x0000000100000000, 0x0000000100000000)
  eden space 408064K, 0% used [0x00000000e0000000,0x00000000e0000000,0x00000000f8e80000)
  from space 44544K, 0% used [0x00000000f8e80000,0x00000000f8e80000,0x00000000fba00000)
  to   space 71680K, 0% used [0x00000000fba00000,0x00000000fba00000,0x0000000100000000)
 ParOldGen       total 277504K, used 256241K [0x00000000a0000000, 0x00000000b0f00000, 0x00000000e0000000)
  object space 277504K, 92% used [0x00000000a0000000,0x00000000afa3c5a0,0x00000000b0f00000)
 Metaspace       used 97410K, capacity 102076K, committed 102272K, reserved 1138688K
  class space    used 12477K, capacity 13613K, committed 13696K, reserved 1048576K
}

